c:\users\lana\documents\visual studio 2015\projects\mfcshapegamefinalproj\mfcshapegamefinalproj\debug\mfcshapegamefinalproj.pch
c:\users\lana\documents\visual studio 2015\projects\mfcshapegamefinalproj\mfcshapegamefinalproj\debug\vc140.pdb
c:\users\lana\documents\visual studio 2015\projects\mfcshapegamefinalproj\mfcshapegamefinalproj\debug\vc140.idb
c:\users\lana\documents\visual studio 2015\projects\mfcshapegamefinalproj\mfcshapegamefinalproj\debug\stdafx.obj
c:\users\lana\documents\visual studio 2015\projects\mfcshapegamefinalproj\mfcshapegamefinalproj\debug\mfcshapegamefinalproj.obj
c:\users\lana\documents\visual studio 2015\projects\mfcshapegamefinalproj\mfcshapegamefinalproj\debug\mfcshapegamefinalprojdlg.obj
c:\users\lana\documents\visual studio 2015\projects\mfcshapegamefinalproj\debug\mfcshapegamefinalproj.ilk
c:\users\lana\documents\visual studio 2015\projects\mfcshapegamefinalproj\debug\mfcshapegamefinalproj.exe
c:\users\lana\documents\visual studio 2015\projects\mfcshapegamefinalproj\debug\mfcshapegamefinalproj.pdb
c:\users\lana\documents\visual studio 2015\projects\mfcshapegamefinalproj\mfcshapegamefinalproj\debug\mfcshapegamefinalproj.res
c:\users\lana\documents\visual studio 2015\projects\mfcshapegamefinalproj\mfcshapegamefinalproj\debug\mfcshapegamefinalprojdlg.obj.enc
c:\users\lana\documents\visual studio 2015\projects\mfcshapegamefinalproj\mfcshapegamefinalproj\debug\mfcshape.402ff1b3.tlog\cl.command.1.tlog
c:\users\lana\documents\visual studio 2015\projects\mfcshapegamefinalproj\mfcshapegamefinalproj\debug\mfcshape.402ff1b3.tlog\cl.read.1.tlog
c:\users\lana\documents\visual studio 2015\projects\mfcshapegamefinalproj\mfcshapegamefinalproj\debug\mfcshape.402ff1b3.tlog\cl.write.1.tlog
c:\users\lana\documents\visual studio 2015\projects\mfcshapegamefinalproj\mfcshapegamefinalproj\debug\mfcshape.402ff1b3.tlog\link.command.1.tlog
c:\users\lana\documents\visual studio 2015\projects\mfcshapegamefinalproj\mfcshapegamefinalproj\debug\mfcshape.402ff1b3.tlog\link.read.1.tlog
c:\users\lana\documents\visual studio 2015\projects\mfcshapegamefinalproj\mfcshapegamefinalproj\debug\mfcshape.402ff1b3.tlog\link.write.1.tlog
c:\users\lana\documents\visual studio 2015\projects\mfcshapegamefinalproj\mfcshapegamefinalproj\debug\mfcshape.402ff1b3.tlog\rc.command.1.tlog
c:\users\lana\documents\visual studio 2015\projects\mfcshapegamefinalproj\mfcshapegamefinalproj\debug\mfcshape.402ff1b3.tlog\rc.read.1.tlog
c:\users\lana\documents\visual studio 2015\projects\mfcshapegamefinalproj\mfcshapegamefinalproj\debug\mfcshape.402ff1b3.tlog\rc.write.1.tlog
